11:13:06.179 request:
1 > GET https://petstore.swagger.io/v2/user/arm997
1 > Accept-Encoding: gzip,deflate
1 > Connection: Keep-Alive
1 > Host: petstore.swagger.io
1 > User-Agent: Apache-HttpClient/4.5.11 (Java/11.0.21)

11:13:06.915 response time in milliseconds: 733,07
1 < 200
1 < Access-Control-Allow-Headers: Content-Type, api_key, Authorization
1 < Access-Control-Allow-Methods: GET, POST, DELETE, PUT
1 < Access-Control-Allow-Origin: *
1 < Connection: keep-alive
1 < Content-Type: application/json
1 < Date: Tue, 06 Feb 2024 16:13:07 GMT
1 < Server: Jetty(9.2.9.v20150224)
1 < Transfer-Encoding: chunked
{"id":1789452603,"username":"arm997","firstName":"Armando","lastName":"Maldonado","email":"testbrumi@gmail.com","password":"test","phone":"0989849189","userStatus":1}

11:13:06.920 [print] {
  "firstName": "Armando",
  "lastName": "Maldonado",
  "password": "test",
  "userStatus": 1,
  "phone": "0989849189",
  "id": 1789452603,
  "email": "testbrumi@gmail.com",
  "username": "arm997"
}

ore.swagger.io
1 > User-Agent: Apache-HttpClient/4.5.11 (Java/11.0.21)

17:43:31.674 response time in milliseconds: 369,19
1 < 200
1 < Access-Control-Allow-Headers: Content-Type, api_key, Authorization
1 < Access-Control-Allow-Methods: GET, POST, DELETE, PUT
1 < Access-Control-Allow-Origin: *
1 < Connection: keep-alive
1 < Content-Type: application/json
1 < Date: Wed, 24 Jan 2024 22:43:32 GMT
1 < Server: Jetty(9.2.9.v20150224)
1 < Transfer-Encoding: chunked
{"code":200,"type":"unknown","message":"arm996"}

:21:18.100 assertion failed: path: $, actual: {"code":200,"type":"unknown","message":"arm997"}, expected: {id=#number, username=#string, firstName=#string, lastName=#string, email=#string, password=#string, phone=#string, userStatus=#number}, reason: all key-values did not match, expected has un-matched keys: [id, username, firstName, lastName, email, password, phone, userStatus]
