00:43:07.586 karate.env system property was:  
00:43:07.975 request:
1 > POST https://petstore.swagger.io/v2/user
1 > Accept-Encoding: gzip,deflate
1 > Connection: Keep-Alive
1 > Content-Length: 157
1 > Content-Type: application/json; charset=UTF-8
1 > Host: petstore.swagger.io
1 > User-Agent: Apache-HttpClient/4.5.11 (Java/11.0.21)
{"id":0,"username":"arm997","firstName":"Armando","lastName":"Maldonado","email":"testbrumi@gmail.com","password":"test","phone":"0989849189","userStatus":1}

00:43:09.059 response time in milliseconds: 1083,54
1 < 200
1 < Access-Control-Allow-Headers: Content-Type, api_key, Authorization
1 < Access-Control-Allow-Methods: GET, POST, DELETE, PUT
1 < Access-Control-Allow-Origin: *
1 < Connection: keep-alive
1 < Content-Type: application/json
1 < Date: Fri, 19 Jan 2024 05:43:09 GMT
1 < Server: Jetty(9.2.9.v20150224)
1 < Transfer-Encoding: chunked
{"code":200,"type":"unknown","message":"9223372036854775807"}

