11:13:06.180 request:
1 > PUT https://petstore.swagger.io/v2/user/arm997
1 > Accept-Encoding: gzip,deflate
1 > Connection: Keep-Alive
1 > Content-Length: 162
1 > Content-Type: application/json; charset=UTF-8
1 > Host: petstore.swagger.io
1 > User-Agent: Apache-HttpClient/4.5.11 (Java/11.0.21)
{"id":1789452603,"username":"arm997","firstName":"Update","lastName":"Maldonado","email":"update@gmail.com","password":"test","phone":"0989849189","userStatus":1}

11:13:06.915 response time in milliseconds: 721,28
1 < 200
1 < Access-Control-Allow-Headers: Content-Type, api_key, Authorization
1 < Access-Control-Allow-Methods: GET, POST, DELETE, PUT
1 < Access-Control-Allow-Origin: *
1 < Connection: keep-alive
1 < Content-Type: application/json
1 < Date: Tue, 06 Feb 2024 16:13:07 GMT
1 < Server: Jetty(9.2.9.v20150224)
1 < Transfer-Encoding: chunked
{"code":200,"type":"unknown","message":"1789452603"}

11:13:06.918 [print] {
  "code": 200,
  "type": "unknown",
  "message": "1789452603"
}


