12:30:15.956 request:
1 > GET https://petstore.swagger.io/v2/user/arm997
1 > Accept-Encoding: gzip,deflate
1 > Connection: Keep-Alive
1 > Host: petstore.swagger.io
1 > User-Agent: Apache-HttpClient/4.5.11 (Java/11.0.21)

12:30:18.109 response time in milliseconds: 2119,11
1 < 200
1 < Access-Control-Allow-Headers: Content-Type, api_key, Authorization
1 < Access-Control-Allow-Methods: GET, POST, DELETE, PUT
1 < Access-Control-Allow-Origin: *
1 < Connection: keep-alive
1 < Content-Type: application/json
1 < Date: Fri, 16 Feb 2024 17:30:18 GMT
1 < Server: Jetty(9.2.9.v20150224)
1 < Transfer-Encoding: chunked
{"id":1789452603,"username":"arm997","firstName":"Armando","lastName":"Maldonado","email":"testbrumi@gmail.com","password":"test","phone":"0989849189","userStatus":1}

12:30:18.124 request:
1 > DELETE https://petstore.swagger.io/v2/user/arm997
1 > Accept-Encoding: gzip,deflate
1 > Connection: Keep-Alive
1 > Host: petstore.swagger.io
1 > User-Agent: Apache-HttpClient/4.5.11 (Java/11.0.21)

12:30:18.403 response time in milliseconds: 279,16
1 < 200
1 < Access-Control-Allow-Headers: Content-Type, api_key, Authorization
1 < Access-Control-Allow-Methods: GET, POST, DELETE, PUT
1 < Access-Control-Allow-Origin: *
1 < Connection: keep-alive
1 < Content-Type: application/json
1 < Date: Fri, 16 Feb 2024 17:30:18 GMT
1 < Server: Jetty(9.2.9.v20150224)
1 < Transfer-Encoding: chunked
{"code":200,"type":"unknown","message":"arm997"}

-Encoding: chunked
{"code":200,"type":"unknown","message":"arm996"}

024 14:02:54 GMT
1 < Server: Jetty(9.2.9.v20150224)

09:02:54.519 status code was: 404, expected: 200, response time: 233, url: https://petstore.swagger.io/v2/user/666, response: 
